{
  "timestamp": "2024-11-28 21:42:37.228161",
  "device_info": {
    "serial_number": "ACoATlQwUBQgOTNO",
    "model": "0",
    "git_hash": "863c597794066fa77c94828c0d2eb49614d5ebb0",
    "git_dirty": false,
    "git_timestamp": 1718648350,
    "uuid": "c9f905a7-d7f3-4155-9771-ed5a23e0a743"
  },
  "calibration": {
    "invert": false,
    "phase_invert": false,
    "poles": 14,
    "offset": [
      -2.596835472993185,
      -2.8725746722062717,
      -3.010115038085058,
      -3.014572649878901,
      -2.819732754345832,
      -2.913653559548452,
      -2.9358633989543494,
      -2.976787701839958,
      -3.019118426267641,
      -2.697244538724547,
      -2.883876869616763,
      -2.9641864426822315,
      -2.9619248028904854,
      -2.7165946318153815,
      -2.8711031459983194,
      -2.946856664777969,
      -2.8931807017267785,
      -2.919371669014302,
      -2.592588488566254,
      -2.8118883946305084,
      -2.938322580504886,
      -2.8478360125521327,
      -2.5444125547570886,
      -2.7552369493004507,
      -2.829703280825935,
      -2.8686466115726192,
      -2.874846162673904,
      -2.505691917830204,
      -2.7112756522092205,
      -2.9164842166686515,
      -2.974209636886557,
      -2.7251733486090424,
      -2.7185626192207017,
      -2.89081292478321,
      -2.8861424408461636,
      -3.0633682563434967,
      -2.778613694014339,
      -2.7375258147061876,
      -2.966010914642922,
      -3.0024667752839553,
      -2.9232809031272122,
      -2.763417562580067,
      -3.001743733710666,
      -2.884109481744043,
      -3.0491196455459066,
      -2.8004242403479784,
      -2.745773448446215,
      -2.967790716929404,
      -2.9402537543749965,
      -2.788993556797564,
      -2.6554352509405734,
      -2.9139666898177032,
      -2.8557598451020505,
      -2.933638188667461,
      -2.6663281863872688,
      -2.616073451430756,
      -2.87952304548723,
      -2.954466014736735,
      -2.781463084685699,
      -2.566451422328613,
      -2.825624593604308,
      -2.84251154341355,
      -2.991226186481038,
      -2.8405200136971462
    ],
    "fit_metric": 23.321534134128324
  },
  "winding_resistance": 0.34259969353671493,
  "inductance": 9.777181910155985e-05,
  "pid_dq_kp": 0.06143184572351413,
  "pid_dq_ki": 215.26173606741165,
  "torque_bw_hz": 100.0,
  "encoder_filter_bw_hz": 100.0,
  "encoder_filter_kp": 1256.6370614359173,
  "encoder_filter_ki": 394784.17604357435,
  "v_per_hz": 0.06869698679032218,
  "kv": 436.7003765618772,
  "unwrapped_position_scale": 1.0,
  "motor_position_output_sign": 1.0
}
