17:03:45.00221 - root - DEBUG - Logger initialized
17:03:45.00233 - rluni.robot.RWIP - WARNING - No RWIP configuration file provided. Using default configuration: /home/simon/rlunicycle/rl-unicycle/src/rluni/configs/rwip/default.yaml
17:03:45.00233 - rluni.utils.utils - DEBUG - Loading config from: /home/simon/rlunicycle/rl-unicycle/src/rluni/configs/rwip/default.yaml
17:03:45.00242 - rluni.utils.utils - DEBUG - Configuration loaded successfully from /home/simon/rlunicycle/rl-unicycle/src/rluni/configs/rwip/default.yaml
17:03:45.00243 - rluni.utils.utils - DEBUG - Loading config from: /home/simon/rlunicycle/rl-unicycle/src/rluni/configs/imu/imu1.yaml
17:03:45.00259 - rluni.utils.utils - DEBUG - Configuration loaded successfully from /home/simon/rlunicycle/rl-unicycle/src/rluni/configs/imu/imu1.yaml
17:03:45.00259 - rluni.icm20948.imu_lib - INFO - Configuration parsed successfully.
17:03:45.00662 - rluni.icm20948.imu_lib - INFO - ICM-20948 is online!
17:03:45.00663 - rluni.icm20948.imu_lib - DEBUG - Setting accel range to 4
17:03:45.00663 - rluni.icm20948.imu_lib - DEBUG - Register Bank Changed to: 0x20
17:03:45.00664 - rluni.icm20948.imu_lib - DEBUG - Setting accel range register to 03
17:03:45.00664 - rluni.icm20948.imu_lib - DEBUG - Setting accel low pass filter to 111.4 Hz with DISABLED DLPF
17:03:45.00665 - rluni.icm20948.imu_lib - DEBUG - ACCEL_CONFIG register set to 12
17:03:45.00665 - rluni.icm20948.imu_lib - DEBUG - Setting gyro range to 500
17:03:45.00665 - rluni.icm20948.imu_lib - DEBUG - Setting gyro range register to 03
17:03:45.00666 - rluni.icm20948.imu_lib - DEBUG - Setting gyro low pass filter to 23.0 Hz  with enabled DLPF
17:03:45.00666 - rluni.icm20948.imu_lib - DEBUG - GYRO_CONFIG_1 register set to 23
17:03:45.00667 - rluni.utils.utils - DEBUG - Loading config from: /home/simon/rlunicycle/rl-unicycle/src/rluni/configs/imu/imu1.yaml
17:03:45.00682 - rluni.utils.utils - DEBUG - Configuration loaded successfully from /home/simon/rlunicycle/rl-unicycle/src/rluni/configs/imu/imu1.yaml
17:03:45.00683 - rluni.fusion.AHRSfusion - DEBUG - Loaded rotation matrix:
[[ 0.01745241  0.9998477   0.        ]
 [ 0.          0.          1.        ]
 [ 0.9998477  -0.01745241  0.        ]]
17:03:45.00684 - rluni.motors.MN6007 - DEBUG - Connected to Motor Controller: <moteus.moteus.Controller object at 0x7f870c79d0>
17:03:45.00685 - rluni.motors.MN6007 - DEBUG - Fault codes loaded successfully.
17:03:45.00696 - RLController - INFO - RLController initialized
17:03:45.00727 - rluni.icm20948.imu_lib - DEBUG - Register Bank Changed to: 0x00
17:03:45.00746 - rluni.communication.mqtt - INFO - Connected with result code 0
17:03:52.00908 - rluni.robot.RWIP - INFO - Robot Loop Shutdown Signal.
17:03:52.00915 - rluni.motors.MN6007 - DEBUG - Motor successfully stopped
17:03:52.00915 - rluni.robot.RWIP - INFO - Motors shutdown successfully.
17:03:52.00916 - root - INFO - Cleanup complete. Exiting program.
