17:08:09.00959 - root - DEBUG - Logger initialized
17:08:09.00971 - rluni.robot.RWIP - WARNING - No RWIP configuration file provided. Using default configuration: /home/simon/rlunicycle/rl-unicycle/src/rluni/configs/rwip/default.yaml
17:08:09.00971 - rluni.utils.utils - DEBUG - Loading config from: /home/simon/rlunicycle/rl-unicycle/src/rluni/configs/rwip/default.yaml
17:08:09.00981 - rluni.utils.utils - DEBUG - Configuration loaded successfully from /home/simon/rlunicycle/rl-unicycle/src/rluni/configs/rwip/default.yaml
17:08:09.00982 - rluni.utils.utils - DEBUG - Loading config from: /home/simon/rlunicycle/rl-unicycle/src/rluni/configs/imu/imu1.yaml
17:08:09.00997 - rluni.utils.utils - DEBUG - Configuration loaded successfully from /home/simon/rlunicycle/rl-unicycle/src/rluni/configs/imu/imu1.yaml
17:08:09.00997 - rluni.icm20948.imu_lib - INFO - Configuration parsed successfully.
17:08:10.00400 - rluni.icm20948.imu_lib - INFO - ICM-20948 is online!
17:08:10.00401 - rluni.icm20948.imu_lib - DEBUG - Setting accel range to 4
17:08:10.00402 - rluni.icm20948.imu_lib - DEBUG - Register Bank Changed to: 0x20
17:08:10.00402 - rluni.icm20948.imu_lib - DEBUG - Setting accel range register to 03
17:08:10.00403 - rluni.icm20948.imu_lib - DEBUG - Setting accel low pass filter to 111.4 Hz with DISABLED DLPF
17:08:10.00404 - rluni.icm20948.imu_lib - DEBUG - ACCEL_CONFIG register set to 12
17:08:10.00404 - rluni.icm20948.imu_lib - DEBUG - Setting gyro range to 500
17:08:10.00404 - rluni.icm20948.imu_lib - DEBUG - Setting gyro range register to 03
17:08:10.00404 - rluni.icm20948.imu_lib - DEBUG - Setting gyro low pass filter to 23.0 Hz  with enabled DLPF
17:08:10.00405 - rluni.icm20948.imu_lib - DEBUG - GYRO_CONFIG_1 register set to 23
17:08:10.00405 - rluni.utils.utils - DEBUG - Loading config from: /home/simon/rlunicycle/rl-unicycle/src/rluni/configs/imu/imu1.yaml
17:08:10.00420 - rluni.utils.utils - DEBUG - Configuration loaded successfully from /home/simon/rlunicycle/rl-unicycle/src/rluni/configs/imu/imu1.yaml
17:08:10.00422 - rluni.fusion.AHRSfusion - DEBUG - Loaded rotation matrix:
[[ 0.01745241  0.9998477   0.        ]
 [ 0.          0.          1.        ]
 [ 0.9998477  -0.01745241  0.        ]]
17:08:10.00422 - rluni.motors.MN6007 - DEBUG - Connected to Motor Controller: <moteus.moteus.Controller object at 0x7fa02a49a0>
17:08:10.00423 - rluni.motors.MN6007 - DEBUG - Fault codes loaded successfully.
17:08:10.00435 - RLController - INFO - RLController initialized
17:08:10.00463 - rluni.icm20948.imu_lib - DEBUG - Register Bank Changed to: 0x00
17:08:10.00497 - rluni.communication.mqtt - INFO - Connected with result code 0
17:08:17.00001 - rluni.robot.RWIP - INFO - Robot Loop Shutdown Signal.
17:08:17.00003 - rluni.motors.MN6007 - DEBUG - Motor successfully stopped
17:08:17.00004 - rluni.robot.RWIP - INFO - Motors shutdown successfully.
17:08:17.00009 - root - INFO - Cleanup complete. Exiting program.
