17:06:17.00053 - root - DEBUG - Logger initialized
17:06:17.00065 - rluni.robot.RWIP - WARNING - No RWIP configuration file provided. Using default configuration: /home/simon/rlunicycle/rl-unicycle/src/rluni/configs/rwip/default.yaml
17:06:17.00065 - rluni.utils.utils - DEBUG - Loading config from: /home/simon/rlunicycle/rl-unicycle/src/rluni/configs/rwip/default.yaml
17:06:17.00075 - rluni.utils.utils - DEBUG - Configuration loaded successfully from /home/simon/rlunicycle/rl-unicycle/src/rluni/configs/rwip/default.yaml
17:06:17.00076 - rluni.utils.utils - DEBUG - Loading config from: /home/simon/rlunicycle/rl-unicycle/src/rluni/configs/imu/imu1.yaml
17:06:17.00091 - rluni.utils.utils - DEBUG - Configuration loaded successfully from /home/simon/rlunicycle/rl-unicycle/src/rluni/configs/imu/imu1.yaml
17:06:17.00091 - rluni.icm20948.imu_lib - INFO - Configuration parsed successfully.
17:06:17.00494 - rluni.icm20948.imu_lib - INFO - ICM-20948 is online!
17:06:17.00494 - rluni.icm20948.imu_lib - DEBUG - Setting accel range to 4
17:06:17.00495 - rluni.icm20948.imu_lib - DEBUG - Register Bank Changed to: 0x20
17:06:17.00496 - rluni.icm20948.imu_lib - DEBUG - Setting accel range register to 03
17:06:17.00496 - rluni.icm20948.imu_lib - DEBUG - Setting accel low pass filter to 111.4 Hz with DISABLED DLPF
17:06:17.00497 - rluni.icm20948.imu_lib - DEBUG - ACCEL_CONFIG register set to 12
17:06:17.00497 - rluni.icm20948.imu_lib - DEBUG - Setting gyro range to 500
17:06:17.00497 - rluni.icm20948.imu_lib - DEBUG - Setting gyro range register to 03
17:06:17.00498 - rluni.icm20948.imu_lib - DEBUG - Setting gyro low pass filter to 23.0 Hz  with enabled DLPF
17:06:17.00498 - rluni.icm20948.imu_lib - DEBUG - GYRO_CONFIG_1 register set to 23
17:06:17.00499 - rluni.utils.utils - DEBUG - Loading config from: /home/simon/rlunicycle/rl-unicycle/src/rluni/configs/imu/imu1.yaml
17:06:17.00514 - rluni.utils.utils - DEBUG - Configuration loaded successfully from /home/simon/rlunicycle/rl-unicycle/src/rluni/configs/imu/imu1.yaml
17:06:17.00515 - rluni.fusion.AHRSfusion - DEBUG - Loaded rotation matrix:
[[ 0.01745241  0.9998477   0.        ]
 [ 0.          0.          1.        ]
 [ 0.9998477  -0.01745241  0.        ]]
17:06:17.00516 - rluni.motors.MN6007 - DEBUG - Connected to Motor Controller: <moteus.moteus.Controller object at 0x7fab3349d0>
17:06:17.00516 - rluni.motors.MN6007 - DEBUG - Fault codes loaded successfully.
17:06:17.00528 - RLController - INFO - RLController initialized
17:06:17.00553 - rluni.icm20948.imu_lib - DEBUG - Register Bank Changed to: 0x00
17:06:17.00581 - rluni.communication.mqtt - INFO - Connected with result code 0
17:06:25.00020 - rluni.robot.RWIP - INFO - Robot Loop Shutdown Signal.
17:06:25.00021 - rluni.motors.MN6007 - DEBUG - Motor successfully stopped
17:06:25.00022 - rluni.robot.RWIP - INFO - Motors shutdown successfully.
17:06:25.00027 - root - INFO - Cleanup complete. Exiting program.
